
Copyright (C) 1994-2021 Synopsys, Inc.
This Synopsys software and all associated documentation are proprietary to Synopsys, Inc.
and may only be used pursuant to the terms and conditions of a written license agreement
with Synopsys, Inc. All other use, reproduction, modification, or distribution of the
Synopsys software or the associated documentation is strictly prohibited.
Tool: HAPS (R) ProtoCompiler 100
Build: R-2020.12-SP1-1
Install: /usr/cadtool/csr5306/synopsys/protocomp/R-2020.12-SP1-1
OS: CentOS Linux 7 (Core)
Hostname: ws35
max virtual memory: unlimited (bytes)
max user processes: 4096
max stack size: 10485760 (bytes)


Database state : /home/u108/u108061119/synopsys/final_ver2/Adder_demo/|pp0
Synopsys ProtoCompiler Partitioner/Router, Version map202012pcp4, Build 193R, Built Apr  8 2022 21:27:09, @4216327


@N: AP152 |(Real Time elapsed 0h:00m:10s; CPU Time elapsed 0h:00m:10s)
Timing graph for view one_bit_adder
   Nodes 5 (Constrained: 0), Edges 6, Dissolve Edges 24
   Build Time 0.00251951
Timing graph for view top
   Nodes 10 (Constrained: 0), Edges 8, Dissolve Edges 8
   Build Time 0.000355404
@N: MF848 |Writing compressed timing models.
@N: AP152 |(Real Time elapsed 0h:00m:10s; CPU Time elapsed 0h:00m:10s)
Complete
