
Copyright (C) 1994-2021 Synopsys, Inc.
This Synopsys software and all associated documentation are proprietary to Synopsys, Inc.
and may only be used pursuant to the terms and conditions of a written license agreement
with Synopsys, Inc. All other use, reproduction, modification, or distribution of the
Synopsys software or the associated documentation is strictly prohibited.
Tool: HAPS (R) ProtoCompiler 100
Build: R-2020.12-SP1-1
Install: /usr/cadtool/csr5306/synopsys/protocomp/R-2020.12-SP1-1
OS: CentOS Linux 7 (Core)
Hostname: ws35
max virtual memory: unlimited (bytes)
max user processes: 4096
max stack size: 8388608 (bytes)


Database state : /home/u108/u108061119/synopsys/final_ver2/Adder_demo/|sr0
Synopsys ProtoCompiler Partitioner/Router, Version map202012pcp4, Build 193R, Built Apr  8 2022 21:27:09, @4216327



THE FORMAT OF THIS LOG MAY CHANGE WITHOUT NOTICE

@N: AP405 |Writing System Route Report to system_route.rpt

@N: AP378 |Using Router Flow

@S1 AP379 |Routing Environment Preparation
@N: AP161 |Loading Connection Models
@N: AP285 |Adding Connection Model 'ACPM' -- Simple asynchronous TDM using mux/demux logic with a counter, similar to legacy CPM
@N: AP285 |Adding Connection Model 'HSTDM' -- Asynchronous High Speed TDM using IOSERDES with source synchronous clocks and training
@N: AP285 |Adding Connection Model 'HSTDM_ERD' -- High Speed TDM with runtime error detection (ERD)
@N: AP285 |Adding Connection Model 'MGTDM' -- MGT TDM 
@N: AP285 |Adding Connection Model 'MGTDM_Y' -- MGT TDM 
@N: AP163 |Loading Target System Specification
Building target system...
@N| Assigning syn_chip_id 0 to FPGA FB1.uA.
@N| Assigning syn_chip_id 1 to FPGA FB1.uB.
@N| Assigning syn_chip_id 2 to FPGA FB1.uC.
@N| Assigning syn_chip_id 3 to FPGA FB1.uD.
@N| Using syn_chip_id 0 on FPGA FB1.uA.
@N| Using syn_chip_id 1 on FPGA FB1.uB.
@N| Using syn_chip_id 2 on FPGA FB1.uC.
@N| Using syn_chip_id 3 on FPGA FB1.uD.
@N| Using syn_chip_id 0 on FPGA FB1.uA.
@N| Using syn_chip_id 1 on FPGA FB1.uB.
@N| Using syn_chip_id 2 on FPGA FB1.uC.
@N| Using syn_chip_id 3 on FPGA FB1.uD.
@N| Using syn_chip_id 0 on FPGA FB1.uA.
@N| Using syn_chip_id 1 on FPGA FB1.uB.
@N| Using syn_chip_id 2 on FPGA FB1.uC.
@N| Using syn_chip_id 3 on FPGA FB1.uD.
@N: AP250 |TargetSystem Summary
Name: 'DETAIL' Bins: 13

FPGA_Bin Pins LUT     LUTM    DFF     BRAM URAM DSP  ZDPIMOD IO    
------------------------------------------------------------------
FB1.uA    305 4085760 2042880 8171520 2160 320  3840 992     2072  
FB1.uB    357 4085760 2042880 8171520 2160 320  3840 992     2072  
FB1.uC    105 4085760 2042880 8171520 2160 320  3840 992     2072  
FB1.uD    105 4085760 2042880 8171520 2160 320  3840 992     2072  
==================================================================

Port_Bin          Pins Capacity 
-------------------------------
TOP_IO_HT3_FB1_B5 52   52       
===============================

External_Bin Pins        
------------------------
FB1.PLL1     2    LOCKED 
FB1.PLL2     0    LOCKED 
FB1.PLL3     0    LOCKED 
FB1.PLL4     0    LOCKED 
FB1.PLL5     0    LOCKED 
FB1.PLL6     0    LOCKED 
FB1.PLL7     0    LOCKED 
FB1.PLL8     0    LOCKED 
========================

Connectivity               Point-to-Point Mult-Terminal 
-------------------------------------------------------
FB1.uA<->FB1.uB (FIXED)    81             0             
FB1.uA<->FB1.uB            198            0             
FB1.uC<->FB1.uD (FIXED)    81             0             
FB1.uB<->TOP_IO_HT3_FB1_B5 52             0             
=======================================================

Function_Name Trace_Count 
-------------------------
GCLK          2           
MGT           16          
MGT_DEBUG     32          
=========================

@S2 AP157 |Design & Constraint Load and Preparation

@S2.1 AP123 |Loading Design
@N: AP147 |Reading netlist: /home/u108/u108061119/synopsys/final_ver2/Adder_demo/system_route/sr0/top.srp
@N: AP152 |(Real Time elapsed 0h:00m:11s; CPU Time elapsed 0h:00m:11s; Memory used current: 655MB peak: 655MB)
@N| Using syn_chip_id 0 on FPGA FB1.uA.
@N| Using syn_chip_id 1 on FPGA FB1.uB.
@N| Using syn_chip_id 0 on FPGA FB1.uA.
@N| Using syn_chip_id 1 on FPGA FB1.uB.
@N| Using syn_chip_id 2 on FPGA FB1.uC.
@N| Using syn_chip_id 3 on FPGA FB1.uD.

Start loading timing files (Real Time elapsed 0h:00m:11s; CPU Time elapsed 0h:00m:11s; Memory used current: 655MB peak: 655MB)


Finished loading timing files (Real Time elapsed 0h:00m:11s; CPU Time elapsed 0h:00m:11s; Memory used current: 659MB peak: 659MB)

@N: AP119 |Uniquifying Design
@N: AP120 |Building Partitioner Data Structures

@S2.2 AP149 |Reading PCF Constraints
@N: AP219 |Reading file: /home/u108/u108061119/synopsys/final_ver2/Adder_demo/system_route/sr0/top.pcf
@N: AP500 |Using TDM type 'HSTDMSE'
@N: AP219 |Reading file: /home/u108/u108061119/synopsys/final_ver2/Adder_demo/system_route/sr0/top_cu.pcf
@N: AP219 |Reading file: /home/u108/u108061119/synopsys/final_ver2/Adder_demo/system_route/sr0/top_na.pcf
@N: AP219 |Reading file: /home/u108/u108061119/synopsys/final_ver2/partition.pcf
@N: AP500 |Using TDM type 'HSTDMSE'

@N: AP238 |Target System Summary After Constraints: 
Name: 'DETAIL' Bins: 13

FPGA_Bin Pins LUT     LUTM    DFF     BRAM URAM DSP  ZDPIMOD IO    
------------------------------------------------------------------
FB1.uA    305 4085760 2042880 8171520 2160 320  3840 992     2072  
FB1.uB    357 4085760 2042880 8171520 2160 320  3840 992     2072  
FB1.uC    105 LOCKED                                               
FB1.uD    105 LOCKED                                               
==================================================================

Port_Bin          Pins Capacity 
-------------------------------
TOP_IO_HT3_FB1_B5 52   52       
===============================

External_Bin Pins        
------------------------
FB1.PLL1     2    LOCKED 
FB1.PLL2     0    LOCKED 
FB1.PLL3     0    LOCKED 
FB1.PLL4     0    LOCKED 
FB1.PLL5     0    LOCKED 
FB1.PLL6     0    LOCKED 
FB1.PLL7     0    LOCKED 
FB1.PLL8     0    LOCKED 
========================

Connectivity               Point-to-Point Mult-Terminal 
-------------------------------------------------------
FB1.uA<->FB1.uB (FIXED)    81             0             
FB1.uA<->FB1.uB            198            0             
FB1.uC<->FB1.uD (FIXED)    81             0             
FB1.uB<->TOP_IO_HT3_FB1_B5 52             0             
=======================================================

Function_Name Trace_Count 
-------------------------
GCLK          2           
MGT           16          
MGT_DEBUG     32          
=========================

GCLK   Source  Assigned  Connected  
Trace  Bin     Net       FPGAs      
----------------------------------
==================================

@S2.3 AP289 |Find Clocks and TDM Restrictions
@N: AP240 |Using TDM qualification mode: all
@N: AP152 |(Real Time elapsed 0h:00m:13s; CPU Time elapsed 0h:00m:12s; Memory used current: 862MB peak: 862MB)

@S2.4 AP130 |Building Primary Partitioning Graph

@S2.5 AP420 |Constraint Summary

To see a list of all unconstrained ports and/or cells, use option '-report_unconstrained ports|cells|all'

Port Constraints:
=================
Ports  Bin_Assignment    
------------------------
  8/52 TOP_IO_HT3_FB1_B5 
  0    UNASSIGNED        
========================
Total ports assigned: 8

Cell Constraints (includes constraints implied by port assignments):
====================================================================
Bin_Assignment Cells 
--------------------
FB1.uA             1 
FB1.uB             1 
UNASSIGNED         0 
====================
Total cells assigned: 2

@N: AP152 |(Real Time elapsed 0h:00m:13s; CPU Time elapsed 0h:00m:12s; Memory used current: 862MB peak: 862MB)
@N: AP158 |Simplifying target system for routing
@N: AP152 |(Real Time elapsed 0h:00m:13s; CPU Time elapsed 0h:00m:12s; Memory used current: 862MB peak: 862MB)
Reading estimate timing file: /home/u108/u108061119/synopsys/final_ver2/Adder_demo/system_route/sr0/top_timest.est

@S3 AP680 |System-Route Optimization Options

Parameter                  Value             
-----------------------------------------
Priority                   multi_hop_path    
Feedthrough Routing        direct            
TDM Type                   HSTDM             
TDM Qualification          all               
HSTDM Bitrate              1400 Mbps         
HSTDM Bitrate per Cable    on                
HSTDM Reset                NONE              
Max Ratio                  8                 
=========================================


@S4 AP241 |Global Routing
@N: AP634 |Using HSTDM type: Single-Ended 

@S4.1 AP603 |Non-Timing-Driven Global Route
@N: AP152 |(Real Time elapsed 0h:00m:13s; CPU Time elapsed 0h:00m:12s; Memory used current: 862MB peak: 862MB)
@N: AP152 |(Real Time elapsed 0h:00m:13s; CPU Time elapsed 0h:00m:13s; Memory used current: 872MB peak: 872MB)

@S4.2 AP267 |Pre-Optimization Global Route Report

@S4.2.1 AP271 |Global Route Net Path Summary

TDM Qualification type: all

Nets  TDM                           Traces                                         
All   Qualified      Non-Qualified  All     TDM_usable  Connected_Bins             
---------------------------------------------------------------------------------
   4              0              4      ^0           0  FB1.uA TOP_IO_HT3_FB1_B5   
   4              0              4      52           0  FB1.uB TOP_IO_HT3_FB1_B5   
   1              1              0     279         212  FB1.uA FB1.uB              
=================================================================================
^Nets require routing through other FPGA's (feed-through)

@S4.2.2 AP366 |Global Route Ratio Report

Connection      Trace_Usage Net_Usage              Ratios   Bitrate Cablelength 
                                  TDM DIRECT CLOCK          in Mbps in cm       
-------------------------------------------------------------------------------
FB1.uA<->FB1.uB       5/279         0      5     0                  50          
FB1.uC<->FB1.uD        0/81         0      0     0 Not used                     
===============================================================================

@S4.2.3 AP267 |Global Route Summary
@N: AP367 |Routed 9 Nets
@N: AP268 |Maximum TDM Ratio: 1
@N: AP684 |Cut Clocks: 0
@N: AP368 |Feedthroughs: 4
   FB1.uA -> TOP_IO_HT3_FB1_B5 1
   TOP_IO_HT3_FB1_B5 -> FB1.uA 3
@N: AP270 |Unrouted: 0

@S4.2.4 AP267 |Global Route Direct Nets

To see a list of all nets that must be routed without TDM, use option '-report_direct_nets 1'

@N: AP371 |For global routing details, refer to system_route.rpt
@N: AP152 |(Real Time elapsed 0h:00m:13s; CPU Time elapsed 0h:00m:13s; Memory used current: 872MB peak: 872MB)

@S4.3 AP248 |Feedthrough Insertion and Net Splitting
@N: AP415 |See system_route.rpt for details.

@S4.4 AP289 |Find Clocks and TDM Restrictions
@N: AP240 |Using TDM qualification mode: all
@N: AP152 |(Real Time elapsed 0h:00m:13s; CPU Time elapsed 0h:00m:13s; Memory used current: 872MB peak: 872MB)
@N: AP152 |(Real Time elapsed 0h:00m:13s; CPU Time elapsed 0h:00m:13s; Memory used current: 872MB peak: 872MB)

@S4.5 AP604 |Generating Timing Graph
@N: Z409 |Inter-die delay in reporting excluded.

@S4.6 AP605 |Route Optimization

@S4.6.1 AP611 |Multi-hop Optimization with Estimated Timing
@N: AP152 |(Real Time elapsed 0h:00m:13s; CPU Time elapsed 0h:00m:13s; Memory used current: 874MB peak: 874MB)

@S4.7 AP612 |Cable Assignment Optimization
DUT pins connected to SLR
FPGA Name  SLR[0]  SLR[1]  SLR[2]  SLR[3]  Total  
------------------------------------------------
   FB1.uB       8       0       1       4     13  
   FB1.uA       2       2       1       0      5  
================================================

@N: AP152 |(Real Time elapsed 0h:00m:13s; CPU Time elapsed 0h:00m:13s; Memory used current: 894MB peak: 894MB)

@S5 AP606 |Final Global Route Results
@N: AP152 |(Real Time elapsed 0h:00m:13s; CPU Time elapsed 0h:00m:13s; Memory used current: 894MB peak: 894MB)

@S5.1 AP267 |Post-Optimization and Cable Assignment Global Route Report

@S5.1.1 AP366 |Global Route Ratio Report

Connection      Trace_Usage Net_Usage              Ratios   Bitrate Cablelength 
                                  TDM DIRECT CLOCK          in Mbps in cm       
-------------------------------------------------------------------------------
FB1.uA<->FB1.uB       5/279         0      5     0                  50          
FB1.uC<->FB1.uD        0/81         0      0     0 Not used                     
===============================================================================

@S5.1.2 AP265 |Global Route Trace Usage

Trace  Function  Trace_Usage  Clock_Usage  Net_Usage  Module  Trace_Name/Connection              Bitrate  Cablelength  
---------------------------------------------------------------------------------------------------------------------
   1)                   8/52                       8          Trace Group: TOP_IO_HT3_FB1_B5                           
                           3            0          3  DIRECT  FB1.uB.J5-> {TOP_IO_HT3_FB1_B5.A}                        
                           5            0          5  DIRECT  TOP_IO_HT3_FB1_B5.A-> {FB1.uB.J5}                        
                                                                                                                       
   2)                    1/7                       1          Trace Group: T_FB1.uA_FB1.uB_2                           
                           1            0          1  DIRECT  FB1.uA.FIXED-> {FB1.uB.FIXED}                            
                                                                                                                       
   3)                   2/24                       2          Trace Group: FB1_A1_B19                     50           
                           2            0          2  DIRECT  FB1.uB.J19-> {FB1.uA.J1}                                 
                                                                                                                       
   4)                   2/24                       2          Trace Group: FB1_A1_B19_1                   50           
                           1            0          1  DIRECT  FB1.uA.J1-> {FB1.uB.J19}                                 
                           1            0          1  DIRECT  FB1.uB.J19-> {FB1.uA.J1}                                 
                                                                                                                       
=====================================================================================================================

@S5.1.3 AP426 |Multi-Hop Report

Hops Number          Number        
     Inter-FPGA Nets Toplevel Nets 
----------------------------------
1    0               2             
2    5               6             
==================================

@S5.1.4 AP655 |Post-Optimization Routing Summary
Connection       Trace Usage  No. of Net     TDM Module       Available Slack Range  Mean Slack  Untimed  
                              failed timing                   (Post TDM)                         nets     
--------------------------------------------------------------------------------------------------------
FB1.uA<->FB1.uB  5/279                                                                                    
                              0/5            NONE (7 - 9 ns)  967 to 970 ns          968 ns      0        
========================================================================================================

@S5.1.5 AP267 |Global Route Summary
@N: AP367 |Routed 9 Nets
@N: AP268 |Maximum TDM Ratio: 1
@N: AP684 |Cut Clocks: 0
@N: AP371 |For global routing details, refer to system_route.rpt
@N: AP152 |(Real Time elapsed 0h:00m:13s; CPU Time elapsed 0h:00m:13s; Memory used current: 894MB peak: 894MB)
Multi-hop Combinational Path Analysis
@N: AP405 |Writing Multi-hop Path Report to timing_route.rpt

@S6 AP249 |Detail Routing
@N| Using syn_chip_id 1 on FPGA FB1.uB.
@N| Using syn_chip_id 0 on FPGA FB1.uA.
@N| Using syn_chip_id 0 on FPGA FB1.uA.
@N| Using syn_chip_id 1 on FPGA FB1.uB.
@N| Using syn_chip_id 2 on FPGA FB1.uC.
@N| Using syn_chip_id 3 on FPGA FB1.uD.
@N: AP152 |(Real Time elapsed 0h:00m:13s; CPU Time elapsed 0h:00m:13s; Memory used current: 894MB peak: 894MB)
@N: MF764 |Finished adding TDM modules to the design netlist. 
@N: AP924 |DUT hierarchy added to FPGA`s
@N: AP405 |Writing Report of all nets qualified for TDM to tdm_qualified.rpt
@N: AP405 |Writing Report of all nets disqualified for TDM to tdm_nonqualified.rpt
@N: AP405 |Writing System-route Trace Assignment Results to router_constraints.pcf

@S7 AP581 |Key parameters from this run

@N: BN341 |OPTIONS: The options used for this run
   Feedthrough Routing - Connection model used for feed-through
   HSTDM Bitrate - 
   HSTDM Bitrate per Cable - 
   HSTDM Reset - 
   Max Ratio - 
   Priority - Optimization priority
   TDM Qualification - 
   TDM Type - Connection model used for TDM

KEY_PARAMETER,CONSTRAINTS,ports_assigned,8,ports_unassigned,0,cells_assigned,2,cells_unassigned,0
KEY_PARAMETER,OPTIONS,Priority,multi_hop_path,Feedthrough Routing,direct,TDM Type,HSTDM,TDM Qualification,all,HSTDM Bitrate,1400 Mbps,HSTDM Bitrate per Cable,on,HSTDM Reset,NONE,Max Ratio,8
KEY_PARAMETER,ROUTER,routed_nets,9,max_ratio,1,cut_clocks,0,feedthroughs,4,unrouted_nets,0,trace_usage,2.81385,num_1_hops,2,num_2_hops,11,max_hops,2,timing_violations,0,timing_tns,0,timing_tps,4840,mean_slack,968,min_slack,967,max_slack,970
KEY_PARAMETER,RUNTIME,tassign,0.344024,traceopt,0.119033,detail,0.00804834,fpt,3.2578e-05,fpc,9,ipt,0.000145892,ipc,22,total,14.2236,cpu,13.883

THE FORMAT OF THIS LOG MAY CHANGE WITHOUT NOTICE

@N: AP225 |Autopartitioner exiting with status 0
Process took 0h:00m:14s realtime, 0h:00m:13s cputime
# Wed Apr 19 14:40:43 2023

###########################################################]
