
Warning-[UNKWN_IGOPTS] Unknown option(s) ignored
  Unknown option(s) '-top ' passed to 'vlogan' command line is(are) ignored.
  Please make sure that there are no typos in the option(s) passed, or the 
  options are only applicable to VCS at elaboration step. Also check 'vlogan 
  -help' for supported options. 

                         Chronologic VCS (TM)
Version Q-2020.03-SP2-10-T-20220405_Full64 -- Wed Apr 19 14:24:24 2023
               Copyright (c) 1991-2020 by Synopsys Inc.
                         ALL RIGHTS RESERVED

This program is proprietary and confidential information of Synopsys Inc.
and may be used and disclosed only as authorized in a license agreement
controlling such use and disclosure.

Parsing design file 'scr/top.v'
Parsing design file 'scr/one_bit_adder.v'
CPU time: .240 seconds to compile

Warning-[DEBUG_DEP] Option will be deprecated
  The option '-debug_pp' will be deprecated in a future release.  Please use 
  '-debug_acc+pp+dmptf -debug_region+cell+encrypt' instead.

Doing common elaboration 

Warning-[DEBUG_DEP] Option will be deprecated
  The option '-debug_pp' will be deprecated in a future release.  Please use 
  '-debug_acc+pp+dmptf -debug_region+cell+encrypt' instead.

                         Chronologic VCS (TM)
Version Q-2020.03-SP2-10-T-20220405_Full64 -- Wed Apr 19 14:24:26 2023
               Copyright (c) 1991-2020 by Synopsys Inc.
                         ALL RIGHTS RESERVED

This program is proprietary and confidential information of Synopsys Inc.
and may be used and disclosed only as authorized in a license agreement
controlling such use and disclosure.

UNIZFE: Got HW top: top
Top Level Modules:
       top
No TimeScale specified
Info: Invoking Simon...
[UFE_FLOW]: RhinoDB Rtl Population based on design traversal started
[UFE_FLOW]: Trying to load NameDB library without path: libNameDB.so
Info: Simon VCS Start
                                SIMON
Version Q-2020.03-SP2-10-T-20220405_Full64 -- Wed Apr 19 14:24:27 2023
               Copyright (c) 1991-2020 by Synopsys Inc.
                         ALL RIGHTS RESERVED

This program is proprietary and confidential information of Synopsys Inc.
and may be used and disclosed only as authorized in a license agreement
controlling such use and disclosure.


Note-[SM_NATIVE_FORCE_ON] Native force is ON
  Simon native force/release handling is ON


Note-[SM_PARALLEL_RUN] Parallel run
  Forked '2' child processes with process ids '29445 29446'
  to perform synthesis of total '2' modules in parallel.


Note-[SM_PME] Processing Module/Entity
  Processing: one_bit_adder Parameterized Name: one_bit_adder


Note-[SM_FNL] Fast netlist optimization
  Using fast processing since this is a simple netlist
  


Note-[SM_PME] Processing Module/Entity
  Processing: top Parameterized Name: top


Note-[SM_IIF] Instance Info
  Instance Count : module 'top' has 2 instances
  


Note-[SM_CHLDRUN_DONE] Child process run completed
  Child process number '1' with process id '29446'
  is done with synthesis of total '1' modules
  SIMON Child CPU Time        : 0.00 sec
  SIMON Child Wall-Clock Time : 0.03 sec
  SIMON Child Current Memory  : 371 MB
  SIMON Child Peak Memory     : 371 MB
  SIMON Distribution          : 0.00,0.00,0.00,0.00 sec
  End time                    : Wed Apr 19 14:24:27 2023
  .


Note-[SM_CHLDRUN_DONE] Child process run completed
  Child process number '0' with process id '29445'
  is done with synthesis of total '1' modules
  SIMON Child CPU Time        : 0.01 sec
  SIMON Child Wall-Clock Time : 0.02 sec
  SIMON Child Current Memory  : 371 MB
  SIMON Child Peak Memory     : 371 MB
  SIMON Distribution          : 0.00,0.00,0.00,0.00 sec
  End time                    : Wed Apr 19 14:24:27 2023
  .


Note-[SM_PF] Processing finished
  Processing of all modules finished


Note-[SM_PARALLEL_RUN] Parallel run
  Forked '2' child processes with process ids '29448 29449'
  to perform post-processing optimizations of total '2' modules in parallel.


Note-[SM_POME] Processing Module/Entity
  Performing post-processing optimizations on Module/Entity: one_bit_adder


Note-[SM_POME] Processing Module/Entity
  Performing post-processing optimizations on Module/Entity: top


Note-[SM_CHLDRUN_DONE] Child process run completed
  Child process number '0' with process id '29448'
  is done with post-processing optimizations of total '1' modules
  SIMON Child CPU Time        : 0.00 sec
  SIMON Child Wall-Clock Time : 0.01 sec
  SIMON Child Current Memory  : 371 MB
  SIMON Child Peak Memory     : 371 MB
  SIMON Distribution          : 0.00,0.00,0.00,0.00 sec
  End time                    : Wed Apr 19 14:24:27 2023
  .


Note-[SM_CHLDRUN_DONE] Child process run completed
  Child process number '1' with process id '29449'
  is done with post-processing optimizations of total '1' modules
  SIMON Child CPU Time        : 0.00 sec
  SIMON Child Wall-Clock Time : 0.01 sec
  SIMON Child Current Memory  : 371 MB
  SIMON Child Peak Memory     : 371 MB
  SIMON Distribution          : 0.00,0.00,0.00,0.00 sec
  End time                    : Wed Apr 19 14:24:27 2023
  .


Note-[SM_POF] Processing finished
  Post-processing optimizations of all modules finished

=======================================================
VCS pre-synth CPU Time        : 0.54 sec
VCS pre-synth Wall-Clock Time : 1.00 sec
VCS pre-synth Current Memory  : 369 MB
SIMON Master CPU Time         : 0.04 sec
SIMON Total  CPU Time         : 0.11 sec
SIMON Master Wall-Clock Time  : 0.16 sec
SIMON Master Current Memory   : 371 MB
SIMON Master Peak Memory      : 372 MB
SIMON CGroup Memory           : 387 MB
SIMON Distribution            : 0.00,0.00,0.00,0.00 sec
=======================================================
Info: Simon VCS Finished
Info: Simon call complete 
Info: Exiting after Simon Analysis 
CPU time: .778 seconds to compile
